<?xml version="1.0" encoding="UTF-8"?>
<!-- Generated by org.testng.reporters.JUnitReportReporter -->
<testsuite hostname="DESKTOP-8PA2AS0" failures="0" tests="4" name="RestSpec.RestSpecTest" time="4.578" errors="0" timestamp="28 Apr 2021 13:01:25 GMT">
  <testcase classname="RestSpec.RestSpecTest" name="getBody" time="1.235"/>
  <testcase classname="RestSpec.RestSpecTest" name="requestResponseSpec" time="2.424"/>
  <testcase classname="RestSpec.RestSpecTest" name="getBody" time="0.561"/>
  <testcase classname="RestSpec.RestSpecTest" name="getBody" time="0.358"/>
</testsuite> <!-- RestSpec.RestSpecTest -->
