<?xml version="1.0" encoding="UTF-8"?>
<!-- Generated by org.testng.reporters.JUnitReportReporter -->
<testsuite hostname="DESKTOP-8PA2AS0" failures="0" tests="3" name="Rest.RestTest" time="1.568" errors="0" timestamp="28 Apr 2021 13:01:25 GMT">
  <testcase classname="Rest.RestTest" name="testSanityCheck" time="0.787"/>
  <testcase classname="Rest.RestTest" name="TC1_GET" time="0.340"/>
  <testcase classname="Rest.RestTest" name="TC2_Post" time="0.441"/>
</testsuite> <!-- Rest.RestTest -->
